Run cmake --build build --config Release -j $(nproc)
  cmake --build build --config Release -j $(nproc)
  shell: /usr/bin/bash -e {0}
  env:
    BUILD_TYPE: Release
[  4%] Building CXX object Identy/CMakeFiles/Identy.dir/Identy_hwid.cxx.o
[  8%] Building CXX object _deps/googletest-build/googletest/CMakeFiles/gtest.dir/src/gtest-all.cc.o
[ 12%] Building CXX object Identy/CMakeFiles/Identy.dir/Identy_vm.cxx.o
[ 16%] Building CXX object Identy/CMakeFiles/Identy.dir/Identy_hash.cxx.o
In file included from /home/runner/work/Identy/Identy/Identy/Identy_hash.cxx:1:
/home/runner/work/Identy/Identy/Identy/Identy_pch.hxx:12:10: fatal error: format: No such file or directory
   12 | #include <format>
      |          ^~~~~~~~
compilation terminated.
In file included from /home/runner/work/Identy/Identy/Identy/Identy_hwid.cxx:1:
/home/runner/work/Identy/Identy/Identy/Identy_pch.hxx:12:10: fatal error: format: No such file or directory
   12 | #include <format>
      |          ^~~~~~~~
In file included from /home/runner/work/Identy/Identy/Identy/Identy_vm.cxx:1:
/home/runner/work/Identy/Identy/Identy/Identy_pch.hxx:12:10: fatal error: format: No such file or directory
   12 | #include <format>
      |          ^~~~~~~~
compilation terminated.
compilation terminated.
gmake[2]: *** [Identy/CMakeFiles/Identy.dir/build.make:107: Identy/CMakeFiles/Identy.dir/Identy_hash.cxx.o] Error 1
gmake[2]: *** Waiting for unfinished jobs....
gmake[2]: *** [Identy/CMakeFiles/Identy.dir/build.make:79: Identy/CMakeFiles/Identy.dir/Identy_hwid.cxx.o] Error 1
gmake[2]: *** [Identy/CMakeFiles/Identy.dir/build.make:93: Identy/CMakeFiles/Identy.dir/Identy_vm.cxx.o] Error 1
gmake[1]: *** [CMakeFiles/Makefile2:220: Identy/CMakeFiles/Identy.dir/all] Error 2
gmake[1]: *** Waiting for unfinished jobs....
[ 20%] Linking CXX static library ../../../lib/libgtest.a
[ 20%] Built target gtest
gmake: *** [Makefile:146: all] Error 2